{"/Users/levysantiago/Documents/workspace/text-me/openai-microservice/src/server.ts": {"path":"/Users/levysantiago/Documents/workspace/text-me/openai-microservice/src/server.ts","statementMap":{"0":{"start":{"line":1,"column":0},"end":{"line":1,"column":25}},"1":{"start":{"line":2,"column":0},"end":{"line":2,"column":36}},"2":{"start":{"line":3,"column":0},"end":{"line":3,"column":29}},"3":{"start":{"line":4,"column":0},"end":{"line":4,"column":68}},"4":{"start":{"line":5,"column":0},"end":{"line":5,"column":95}},"5":{"start":{"line":6,"column":0},"end":{"line":6,"column":100}},"6":{"start":{"line":7,"column":0},"end":{"line":7,"column":98}},"7":{"start":{"line":9,"column":15},"end":{"line":9,"column":24}},"8":{"start":{"line":11,"column":0},"end":{"line":11,"column":null}},"9":{"start":{"line":12,"column":0},"end":{"line":12,"column":null}},"10":{"start":{"line":13,"column":0},"end":{"line":13,"column":null}},"11":{"start":{"line":14,"column":0},"end":{"line":14,"column":null}},"12":{"start":{"line":16,"column":0},"end":{"line":22,"column":null}},"13":{"start":{"line":17,"column":2},"end":{"line":20,"column":3}},"14":{"start":{"line":18,"column":4},"end":{"line":18,"column":null}},"15":{"start":{"line":19,"column":4},"end":{"line":19,"column":null}},"16":{"start":{"line":21,"column":2},"end":{"line":21,"column":null}}},"fnMap":{"0":{"name":"(anonymous_1)","decl":{"start":{"line":16,"column":49},"end":{"line":16,"column":54}},"loc":{"start":{"line":16,"column":72},"end":{"line":22,"column":1}}}},"branchMap":{"0":{"loc":{"start":{"line":17,"column":2},"end":{"line":20,"column":3}},"type":"if","locations":[{"start":{"line":17,"column":2},"end":{"line":20,"column":3}}]}},"s":{"0":0,"1":0,"2":0,"3":0,"4":0,"5":0,"6":0,"7":0,"8":0,"9":0,"10":0,"11":0,"12":0,"13":0,"14":0,"15":0,"16":0},"f":{"0":0},"b":{"0":[0]}}
,"/Users/levysantiago/Documents/workspace/text-me/openai-microservice/src/modules/chat/errors/microservice-not-logged.error.ts": {"path":"/Users/levysantiago/Documents/workspace/text-me/openai-microservice/src/modules/chat/errors/microservice-not-logged.error.ts","statementMap":{"0":{"start":{"line":1,"column":0},"end":{"line":1,"column":61}},"1":{"start":{"line":5,"column":4},"end":{"line":8,"column":null}},"2":{"start":{"line":3,"column":0},"end":{"line":3,"column":13}}},"fnMap":{"0":{"name":"(anonymous_0)","decl":{"start":{"line":4,"column":2},"end":{"line":4,"column":14}},"loc":{"start":{"line":4,"column":47},"end":{"line":9,"column":3}}}},"branchMap":{"0":{"loc":{"start":{"line":4,"column":14},"end":{"line":4,"column":47}},"type":"default-arg","locations":[{"start":{"line":4,"column":45},"end":{"line":4,"column":47}}]},"1":{"loc":{"start":{"line":7,"column":14},"end":{"line":7,"column":34}},"type":"binary-expr","locations":[{"start":{"line":7,"column":14},"end":{"line":7,"column":28}},{"start":{"line":7,"column":32},"end":{"line":7,"column":34}}]}},"s":{"0":4,"1":1,"2":4},"f":{"0":1},"b":{"0":[1],"1":[1,1]}}
,"/Users/levysantiago/Documents/workspace/text-me/openai-microservice/src/modules/chat/services/get-updated-context.service.ts": {"path":"/Users/levysantiago/Documents/workspace/text-me/openai-microservice/src/modules/chat/services/get-updated-context.service.ts","statementMap":{"0":{"start":{"line":2,"column":0},"end":{"line":2,"column":66}},"1":{"start":{"line":6,"column":0},"end":{"line":6,"column":45}},"2":{"start":{"line":7,"column":0},"end":{"line":7,"column":78}},"3":{"start":{"line":15,"column":7},"end":{"line":63,"column":null}},"4":{"start":{"line":18,"column":12},"end":{"line":18,"column":41}},"5":{"start":{"line":23,"column":24},"end":{"line":23,"column":73}},"6":{"start":{"line":26,"column":27},"end":{"line":29,"column":6}},"7":{"start":{"line":32,"column":24},"end":{"line":33,"column":null}},"8":{"start":{"line":35,"column":28},"end":{"line":35,"column":30}},"9":{"start":{"line":37,"column":4},"end":{"line":59,"column":5}},"10":{"start":{"line":38,"column":6},"end":{"line":38,"column":null}},"11":{"start":{"line":44,"column":23},"end":{"line":48,"column":8}},"12":{"start":{"line":51,"column":6},"end":{"line":51,"column":null}},"13":{"start":{"line":52,"column":6},"end":{"line":55,"column":null}},"14":{"start":{"line":53,"column":8},"end":{"line":53,"column":null}},"15":{"start":{"line":54,"column":8},"end":{"line":54,"column":null}},"16":{"start":{"line":58,"column":6},"end":{"line":58,"column":null}},"17":{"start":{"line":61,"column":4},"end":{"line":61,"column":null}},"18":{"start":{"line":15,"column":13},"end":{"line":15,"column":37}},"19":{"start":{"line":15,"column":13},"end":{"line":63,"column":null}}},"fnMap":{"0":{"name":"(anonymous_3)","decl":{"start":{"line":16,"column":2},"end":{"line":16,"column":null}},"loc":{"start":{"line":18,"column":41},"end":{"line":19,"column":6}}},"1":{"name":"(anonymous_4)","decl":{"start":{"line":21,"column":2},"end":{"line":21,"column":7}},"loc":{"start":{"line":21,"column":56},"end":{"line":62,"column":3}}},"2":{"name":"(anonymous_5)","decl":{"start":{"line":52,"column":29},"end":{"line":52,"column":30}},"loc":{"start":{"line":52,"column":55},"end":{"line":55,"column":7}}}},"branchMap":{"0":{"loc":{"start":{"line":37,"column":4},"end":{"line":59,"column":5}},"type":"if","locations":[{"start":{"line":37,"column":4},"end":{"line":59,"column":5}},{"start":{"line":42,"column":11},"end":{"line":59,"column":5}}]}},"s":{"0":5,"1":5,"2":5,"3":5,"4":5,"5":4,"6":4,"7":4,"8":4,"9":4,"10":3,"11":1,"12":1,"13":1,"14":1,"15":1,"16":1,"17":4,"18":5,"19":5},"f":{"0":5,"1":4,"2":1},"b":{"0":[3,1]}}
,"/Users/levysantiago/Documents/workspace/text-me/openai-microservice/src/modules/chat/services/handle-created-message.service.ts": {"path":"/Users/levysantiago/Documents/workspace/text-me/openai-microservice/src/modules/chat/services/handle-created-message.service.ts","statementMap":{"0":{"start":{"line":2,"column":0},"end":{"line":2,"column":43}},"1":{"start":{"line":5,"column":0},"end":{"line":5,"column":45}},"2":{"start":{"line":6,"column":0},"end":{"line":6,"column":72}},"3":{"start":{"line":8,"column":0},"end":{"line":8,"column":84}},"4":{"start":{"line":9,"column":0},"end":{"line":9,"column":84}},"5":{"start":{"line":10,"column":0},"end":{"line":10,"column":78}},"6":{"start":{"line":14,"column":7},"end":{"line":93,"column":null}},"7":{"start":{"line":17,"column":12},"end":{"line":17,"column":41}},"8":{"start":{"line":19,"column":12},"end":{"line":19,"column":41}},"9":{"start":{"line":21,"column":12},"end":{"line":21,"column":43}},"10":{"start":{"line":23,"column":12},"end":{"line":23,"column":62}},"11":{"start":{"line":26,"column":2},"end":{"line":92,"column":null}},"12":{"start":{"line":32,"column":30},"end":{"line":32,"column":35}},"13":{"start":{"line":33,"column":4},"end":{"line":33,"column":null}},"14":{"start":{"line":33,"column":36},"end":{"line":33,"column":null}},"15":{"start":{"line":35,"column":4},"end":{"line":91,"column":5}},"16":{"start":{"line":36,"column":6},"end":{"line":66,"column":7}},"17":{"start":{"line":38,"column":24},"end":{"line":41,"column":10}},"18":{"start":{"line":44,"column":8},"end":{"line":44,"column":null}},"19":{"start":{"line":47,"column":31},"end":{"line":50,"column":10}},"20":{"start":{"line":53,"column":20},"end":{"line":53,"column":36}},"21":{"start":{"line":56,"column":8},"end":{"line":60,"column":null}},"22":{"start":{"line":62,"column":8},"end":{"line":64,"column":null}},"23":{"start":{"line":65,"column":8},"end":{"line":65,"column":null}},"24":{"start":{"line":68,"column":6},"end":{"line":90,"column":7}},"25":{"start":{"line":70,"column":8},"end":{"line":74,"column":null}},"26":{"start":{"line":77,"column":28},"end":{"line":77,"column":77}},"27":{"start":{"line":78,"column":8},"end":{"line":80,"column":9}},"28":{"start":{"line":79,"column":10},"end":{"line":79,"column":null}},"29":{"start":{"line":82,"column":8},"end":{"line":89,"column":9}},"30":{"start":{"line":84,"column":10},"end":{"line":88,"column":null}},"31":{"start":{"line":14,"column":13},"end":{"line":14,"column":40}},"32":{"start":{"line":14,"column":13},"end":{"line":93,"column":null}}},"fnMap":{"0":{"name":"(anonymous_3)","decl":{"start":{"line":15,"column":2},"end":{"line":15,"column":null}},"loc":{"start":{"line":23,"column":62},"end":{"line":24,"column":6}}},"1":{"name":"(anonymous_4)","decl":{"start":{"line":26,"column":12},"end":{"line":26,"column":17}},"loc":{"start":{"line":30,"column":33},"end":{"line":92,"column":3}}}},"branchMap":{"0":{"loc":{"start":{"line":33,"column":4},"end":{"line":33,"column":null}},"type":"if","locations":[{"start":{"line":33,"column":4},"end":{"line":33,"column":null}}]},"1":{"loc":{"start":{"line":35,"column":4},"end":{"line":91,"column":5}},"type":"if","locations":[{"start":{"line":35,"column":4},"end":{"line":91,"column":5}},{"start":{"line":67,"column":11},"end":{"line":91,"column":5}}]},"2":{"loc":{"start":{"line":78,"column":8},"end":{"line":80,"column":9}},"type":"if","locations":[{"start":{"line":78,"column":8},"end":{"line":80,"column":9}}]},"3":{"loc":{"start":{"line":82,"column":8},"end":{"line":89,"column":9}},"type":"if","locations":[{"start":{"line":82,"column":8},"end":{"line":89,"column":9}}]}},"s":{"0":2,"1":2,"2":2,"3":2,"4":2,"5":2,"6":2,"7":6,"8":6,"9":6,"10":6,"11":6,"12":6,"13":6,"14":2,"15":6,"16":4,"17":4,"18":4,"19":4,"20":4,"21":4,"22":0,"23":0,"24":2,"25":2,"26":1,"27":1,"28":0,"29":1,"30":1,"31":2,"32":2},"f":{"0":6,"1":6},"b":{"0":[2],"1":[4,2],"2":[0],"3":[1]}}
,"/Users/levysantiago/Documents/workspace/text-me/openai-microservice/src/modules/chat/services/send-ai-response.service.ts": {"path":"/Users/levysantiago/Documents/workspace/text-me/openai-microservice/src/modules/chat/services/send-ai-response.service.ts","statementMap":{"0":{"start":{"line":5,"column":0},"end":{"line":5,"column":45}},"1":{"start":{"line":7,"column":0},"end":{"line":7,"column":72}},"2":{"start":{"line":8,"column":0},"end":{"line":8,"column":84}},"3":{"start":{"line":9,"column":0},"end":{"line":9,"column":84}},"4":{"start":{"line":10,"column":0},"end":{"line":10,"column":78}},"5":{"start":{"line":13,"column":7},"end":{"line":102,"column":null}},"6":{"start":{"line":16,"column":12},"end":{"line":16,"column":41}},"7":{"start":{"line":18,"column":12},"end":{"line":18,"column":35}},"8":{"start":{"line":20,"column":12},"end":{"line":20,"column":43}},"9":{"start":{"line":22,"column":12},"end":{"line":22,"column":62}},"10":{"start":{"line":25,"column":2},"end":{"line":101,"column":null}},"11":{"start":{"line":26,"column":37},"end":{"line":26,"column":41}},"12":{"start":{"line":28,"column":4},"end":{"line":100,"column":5}},"13":{"start":{"line":30,"column":6},"end":{"line":30,"column":null}},"14":{"start":{"line":31,"column":6},"end":{"line":33,"column":7}},"15":{"start":{"line":32,"column":8},"end":{"line":32,"column":null}},"16":{"start":{"line":36,"column":22},"end":{"line":39,"column":8}},"17":{"start":{"line":42,"column":6},"end":{"line":42,"column":null}},"18":{"start":{"line":45,"column":6},"end":{"line":48,"column":null}},"19":{"start":{"line":50,"column":6},"end":{"line":55,"column":null}},"20":{"start":{"line":51,"column":8},"end":{"line":54,"column":null}},"21":{"start":{"line":58,"column":23},"end":{"line":58,"column":69}},"22":{"start":{"line":60,"column":6},"end":{"line":67,"column":7}},"23":{"start":{"line":62,"column":8},"end":{"line":66,"column":null}},"24":{"start":{"line":70,"column":29},"end":{"line":73,"column":8}},"25":{"start":{"line":76,"column":18},"end":{"line":76,"column":34}},"26":{"start":{"line":79,"column":6},"end":{"line":83,"column":null}},"27":{"start":{"line":85,"column":6},"end":{"line":85,"column":null}},"28":{"start":{"line":87,"column":6},"end":{"line":94,"column":7}},"29":{"start":{"line":89,"column":8},"end":{"line":93,"column":null}},"30":{"start":{"line":97,"column":6},"end":{"line":97,"column":null}},"31":{"start":{"line":99,"column":6},"end":{"line":99,"column":null}},"32":{"start":{"line":13,"column":13},"end":{"line":13,"column":34}},"33":{"start":{"line":13,"column":13},"end":{"line":102,"column":null}}},"fnMap":{"0":{"name":"(anonymous_3)","decl":{"start":{"line":14,"column":2},"end":{"line":14,"column":null}},"loc":{"start":{"line":22,"column":62},"end":{"line":23,"column":6}}},"1":{"name":"(anonymous_4)","decl":{"start":{"line":25,"column":12},"end":{"line":25,"column":17}},"loc":{"start":{"line":25,"column":76},"end":{"line":101,"column":3}}},"2":{"name":"(anonymous_5)","decl":{"start":{"line":50,"column":35},"end":{"line":50,"column":38}},"loc":{"start":{"line":50,"column":40},"end":{"line":55,"column":7}}}},"branchMap":{"0":{"loc":{"start":{"line":31,"column":6},"end":{"line":33,"column":7}},"type":"if","locations":[{"start":{"line":31,"column":6},"end":{"line":33,"column":7}}]},"1":{"loc":{"start":{"line":60,"column":6},"end":{"line":67,"column":7}},"type":"if","locations":[{"start":{"line":60,"column":6},"end":{"line":67,"column":7}}]},"2":{"loc":{"start":{"line":87,"column":6},"end":{"line":94,"column":7}},"type":"if","locations":[{"start":{"line":87,"column":6},"end":{"line":94,"column":7}}]}},"s":{"0":2,"1":2,"2":2,"3":2,"4":2,"5":2,"6":10,"7":10,"8":10,"9":10,"10":10,"11":11,"12":11,"13":11,"14":11,"15":1,"16":10,"17":8,"18":8,"19":8,"20":0,"21":8,"22":8,"23":8,"24":8,"25":8,"26":8,"27":3,"28":3,"29":2,"30":3,"31":11,"32":2,"33":2},"f":{"0":10,"1":11,"2":0},"b":{"0":[1],"1":[8],"2":[2]}}
,"/Users/levysantiago/Documents/workspace/text-me/openai-microservice/src/shared/container/providers/index.ts": {"path":"/Users/levysantiago/Documents/workspace/text-me/openai-microservice/src/shared/container/providers/index.ts","statementMap":{"0":{"start":{"line":1,"column":0},"end":{"line":1,"column":25}},"1":{"start":{"line":2,"column":0},"end":{"line":2,"column":22}},"2":{"start":{"line":3,"column":0},"end":{"line":3,"column":25}},"3":{"start":{"line":4,"column":0},"end":{"line":4,"column":33}}},"fnMap":{},"branchMap":{},"s":{"0":0,"1":0,"2":0,"3":0},"f":{},"b":{}}
,"/Users/levysantiago/Documents/workspace/text-me/openai-microservice/src/shared/container/providers/ai-provider/index.ts": {"path":"/Users/levysantiago/Documents/workspace/text-me/openai-microservice/src/shared/container/providers/ai-provider/index.ts","statementMap":{"0":{"start":{"line":1,"column":0},"end":{"line":1,"column":36}},"1":{"start":{"line":2,"column":0},"end":{"line":2,"column":62}},"2":{"start":{"line":3,"column":0},"end":{"line":3,"column":63}},"3":{"start":{"line":6,"column":24},"end":{"line":9,"column":null}},"4":{"start":{"line":11,"column":0},"end":{"line":11,"column":null}}},"fnMap":{},"branchMap":{},"s":{"0":0,"1":0,"2":0,"3":0,"4":0},"f":{},"b":{}}
,"/Users/levysantiago/Documents/workspace/text-me/openai-microservice/src/shared/container/providers/ai-provider/implementations/fake-ai.provider.ts": {"path":"/Users/levysantiago/Documents/workspace/text-me/openai-microservice/src/shared/container/providers/ai-provider/implementations/fake-ai.provider.ts","statementMap":{"0":{"start":{"line":9,"column":4},"end":{"line":11,"column":null}},"1":{"start":{"line":15,"column":0},"end":{"line":15,"column":null}}},"fnMap":{"0":{"name":"(anonymous_0)","decl":{"start":{"line":6,"column":2},"end":{"line":6,"column":7}},"loc":{"start":{"line":8,"column":20},"end":{"line":12,"column":3}}}},"branchMap":{},"s":{"0":0,"1":0},"f":{"0":0},"b":{}}
,"/Users/levysantiago/Documents/workspace/text-me/openai-microservice/src/shared/container/providers/ai-provider/implementations/openai.provider.ts": {"path":"/Users/levysantiago/Documents/workspace/text-me/openai-microservice/src/shared/container/providers/ai-provider/implementations/openai.provider.ts","statementMap":{"0":{"start":{"line":1,"column":0},"end":{"line":1,"column":43}},"1":{"start":{"line":2,"column":0},"end":{"line":2,"column":31}},"2":{"start":{"line":9,"column":10},"end":{"line":21,"column":null}},"3":{"start":{"line":24,"column":4},"end":{"line":28,"column":null}},"4":{"start":{"line":35,"column":6},"end":{"line":38,"column":8}},"5":{"start":{"line":40,"column":4},"end":{"line":40,"column":null}},"6":{"start":{"line":44,"column":0},"end":{"line":44,"column":null}}},"fnMap":{"0":{"name":"(anonymous_0)","decl":{"start":{"line":23,"column":2},"end":{"line":23,"column":null}},"loc":{"start":{"line":23,"column":2},"end":{"line":29,"column":3}}},"1":{"name":"(anonymous_1)","decl":{"start":{"line":31,"column":2},"end":{"line":31,"column":7}},"loc":{"start":{"line":33,"column":20},"end":{"line":41,"column":3}}}},"branchMap":{},"s":{"0":1,"1":1,"2":3,"3":3,"4":2,"5":2,"6":1},"f":{"0":3,"1":2},"b":{}}
,"/Users/levysantiago/Documents/workspace/text-me/openai-microservice/src/shared/container/providers/cache-provider/index.ts": {"path":"/Users/levysantiago/Documents/workspace/text-me/openai-microservice/src/shared/container/providers/cache-provider/index.ts","statementMap":{"0":{"start":{"line":1,"column":0},"end":{"line":1,"column":36}},"1":{"start":{"line":2,"column":0},"end":{"line":2,"column":71}},"2":{"start":{"line":4,"column":0},"end":{"line":4,"column":71}},"3":{"start":{"line":6,"column":24},"end":{"line":9,"column":null}},"4":{"start":{"line":11,"column":0},"end":{"line":14,"column":null}}},"fnMap":{},"branchMap":{},"s":{"0":0,"1":0,"2":0,"3":0,"4":0},"f":{},"b":{}}
,"/Users/levysantiago/Documents/workspace/text-me/openai-microservice/src/shared/container/providers/cache-provider/implementations/local-cache.provider.ts": {"path":"/Users/levysantiago/Documents/workspace/text-me/openai-microservice/src/shared/container/providers/cache-provider/implementations/local-cache.provider.ts","statementMap":{"0":{"start":{"line":5,"column":10},"end":{"line":5,"column":null}},"1":{"start":{"line":8,"column":4},"end":{"line":11,"column":null}},"2":{"start":{"line":9,"column":6},"end":{"line":9,"column":null}},"3":{"start":{"line":10,"column":6},"end":{"line":10,"column":null}},"4":{"start":{"line":15,"column":4},"end":{"line":17,"column":null}},"5":{"start":{"line":16,"column":6},"end":{"line":16,"column":null}},"6":{"start":{"line":21,"column":4},"end":{"line":24,"column":null}},"7":{"start":{"line":22,"column":6},"end":{"line":22,"column":null}},"8":{"start":{"line":23,"column":6},"end":{"line":23,"column":null}},"9":{"start":{"line":30,"column":0},"end":{"line":30,"column":null}}},"fnMap":{"0":{"name":"(anonymous_0)","decl":{"start":{"line":4,"column":0},"end":{"line":4,"column":6}},"loc":{"start":{"line":4,"column":0},"end":{"line":28,"column":1}}},"1":{"name":"(anonymous_1)","decl":{"start":{"line":7,"column":2},"end":{"line":7,"column":7}},"loc":{"start":{"line":7,"column":53},"end":{"line":12,"column":3}}},"2":{"name":"(anonymous_2)","decl":{"start":{"line":8,"column":23},"end":{"line":8,"column":24}},"loc":{"start":{"line":8,"column":35},"end":{"line":11,"column":5}}},"3":{"name":"(anonymous_3)","decl":{"start":{"line":14,"column":2},"end":{"line":14,"column":7}},"loc":{"start":{"line":14,"column":28},"end":{"line":18,"column":3}}},"4":{"name":"(anonymous_4)","decl":{"start":{"line":15,"column":23},"end":{"line":15,"column":24}},"loc":{"start":{"line":15,"column":35},"end":{"line":17,"column":5}}},"5":{"name":"(anonymous_5)","decl":{"start":{"line":20,"column":2},"end":{"line":20,"column":7}},"loc":{"start":{"line":20,"column":26},"end":{"line":25,"column":3}}},"6":{"name":"(anonymous_6)","decl":{"start":{"line":21,"column":23},"end":{"line":21,"column":24}},"loc":{"start":{"line":21,"column":35},"end":{"line":24,"column":5}}},"7":{"name":"(anonymous_7)","decl":{"start":{"line":27,"column":2},"end":{"line":27,"column":7}},"loc":{"start":{"line":27,"column":18},"end":{"line":27,"column":38}}}},"branchMap":{},"s":{"0":0,"1":0,"2":0,"3":0,"4":0,"5":0,"6":0,"7":0,"8":0,"9":0},"f":{"0":0,"1":0,"2":0,"3":0,"4":0,"5":0,"6":0,"7":0},"b":{}}
,"/Users/levysantiago/Documents/workspace/text-me/openai-microservice/src/shared/container/providers/cache-provider/implementations/redis-cache.provider.ts": {"path":"/Users/levysantiago/Documents/workspace/text-me/openai-microservice/src/shared/container/providers/cache-provider/implementations/redis-cache.provider.ts","statementMap":{"0":{"start":{"line":1,"column":0},"end":{"line":1,"column":43}},"1":{"start":{"line":3,"column":0},"end":{"line":3,"column":27}},"2":{"start":{"line":10,"column":4},"end":{"line":14,"column":null}},"3":{"start":{"line":18,"column":4},"end":{"line":22,"column":5}},"4":{"start":{"line":19,"column":6},"end":{"line":19,"column":null}},"5":{"start":{"line":21,"column":6},"end":{"line":21,"column":null}},"6":{"start":{"line":26,"column":4},"end":{"line":26,"column":null}},"7":{"start":{"line":30,"column":4},"end":{"line":30,"column":null}},"8":{"start":{"line":34,"column":4},"end":{"line":34,"column":null}},"9":{"start":{"line":38,"column":0},"end":{"line":38,"column":null}}},"fnMap":{"0":{"name":"(anonymous_1)","decl":{"start":{"line":8,"column":2},"end":{"line":8,"column":null}},"loc":{"start":{"line":8,"column":2},"end":{"line":15,"column":3}}},"1":{"name":"(anonymous_2)","decl":{"start":{"line":17,"column":2},"end":{"line":17,"column":7}},"loc":{"start":{"line":17,"column":53},"end":{"line":23,"column":3}}},"2":{"name":"(anonymous_3)","decl":{"start":{"line":25,"column":2},"end":{"line":25,"column":7}},"loc":{"start":{"line":25,"column":28},"end":{"line":27,"column":3}}},"3":{"name":"(anonymous_4)","decl":{"start":{"line":29,"column":2},"end":{"line":29,"column":7}},"loc":{"start":{"line":29,"column":26},"end":{"line":31,"column":3}}},"4":{"name":"(anonymous_5)","decl":{"start":{"line":33,"column":2},"end":{"line":33,"column":7}},"loc":{"start":{"line":33,"column":18},"end":{"line":35,"column":3}}}},"branchMap":{"0":{"loc":{"start":{"line":18,"column":4},"end":{"line":22,"column":5}},"type":"if","locations":[{"start":{"line":18,"column":4},"end":{"line":22,"column":5}},{"start":{"line":20,"column":11},"end":{"line":22,"column":5}}]}},"s":{"0":1,"1":1,"2":11,"3":3,"4":1,"5":2,"6":2,"7":2,"8":2,"9":1},"f":{"0":11,"1":3,"2":2,"3":2,"4":2},"b":{"0":[1,2]}}
,"/Users/levysantiago/Documents/workspace/text-me/openai-microservice/src/shared/container/providers/queue-provider/index.ts": {"path":"/Users/levysantiago/Documents/workspace/text-me/openai-microservice/src/shared/container/providers/queue-provider/index.ts","statementMap":{"0":{"start":{"line":1,"column":0},"end":{"line":1,"column":36}},"1":{"start":{"line":2,"column":0},"end":{"line":2,"column":81}},"2":{"start":{"line":5,"column":24},"end":{"line":7,"column":null}},"3":{"start":{"line":9,"column":0},"end":{"line":12,"column":null}}},"fnMap":{},"branchMap":{},"s":{"0":0,"1":0,"2":0,"3":0},"f":{},"b":{}}
,"/Users/levysantiago/Documents/workspace/text-me/openai-microservice/src/shared/container/providers/queue-provider/implementations/rabbitmq-queue.provider.ts": {"path":"/Users/levysantiago/Documents/workspace/text-me/openai-microservice/src/shared/container/providers/queue-provider/implementations/rabbitmq-queue.provider.ts","statementMap":{"0":{"start":{"line":1,"column":0},"end":{"line":1,"column":26}},"1":{"start":{"line":3,"column":0},"end":{"line":3,"column":43}},"2":{"start":{"line":10,"column":4},"end":{"line":22,"column":5}},"3":{"start":{"line":11,"column":6},"end":{"line":16,"column":null}},"4":{"start":{"line":17,"column":6},"end":{"line":17,"column":null}},"5":{"start":{"line":18,"column":6},"end":{"line":18,"column":null}},"6":{"start":{"line":19,"column":6},"end":{"line":19,"column":null}},"7":{"start":{"line":21,"column":6},"end":{"line":21,"column":null}},"8":{"start":{"line":26,"column":22},"end":{"line":26,"column":45}},"9":{"start":{"line":28,"column":4},"end":{"line":30,"column":5}},"10":{"start":{"line":29,"column":6},"end":{"line":29,"column":null}},"11":{"start":{"line":32,"column":4},"end":{"line":49,"column":null}},"12":{"start":{"line":33,"column":6},"end":{"line":33,"column":null}},"13":{"start":{"line":35,"column":27},"end":{"line":35,"column":36}},"14":{"start":{"line":36,"column":32},"end":{"line":48,"column":22}},"15":{"start":{"line":37,"column":8},"end":{"line":37,"column":null}},"16":{"start":{"line":39,"column":26},"end":{"line":39,"column":49}},"17":{"start":{"line":41,"column":8},"end":{"line":45,"column":9}},"18":{"start":{"line":42,"column":10},"end":{"line":42,"column":null}},"19":{"start":{"line":43,"column":10},"end":{"line":43,"column":null}},"20":{"start":{"line":44,"column":10},"end":{"line":44,"column":16}},"21":{"start":{"line":47,"column":8},"end":{"line":47,"column":null}},"22":{"start":{"line":53,"column":4},"end":{"line":59,"column":null}},"23":{"start":{"line":63,"column":4},"end":{"line":76,"column":null}},"24":{"start":{"line":64,"column":6},"end":{"line":75,"column":7}},"25":{"start":{"line":65,"column":8},"end":{"line":74,"column":9}},"26":{"start":{"line":66,"column":28},"end":{"line":66,"column":74}},"27":{"start":{"line":70,"column":10},"end":{"line":70,"column":null}},"28":{"start":{"line":71,"column":10},"end":{"line":71,"column":null}},"29":{"start":{"line":73,"column":10},"end":{"line":73,"column":null}},"30":{"start":{"line":80,"column":4},"end":{"line":80,"column":null}},"31":{"start":{"line":81,"column":4},"end":{"line":81,"column":null}},"32":{"start":{"line":5,"column":0},"end":{"line":5,"column":13}}},"fnMap":{"0":{"name":"(anonymous_1)","decl":{"start":{"line":9,"column":10},"end":{"line":9,"column":15}},"loc":{"start":{"line":9,"column":26},"end":{"line":23,"column":3}}},"1":{"name":"(anonymous_2)","decl":{"start":{"line":25,"column":2},"end":{"line":25,"column":7}},"loc":{"start":{"line":25,"column":15},"end":{"line":50,"column":3}}},"2":{"name":"(anonymous_3)","decl":{"start":{"line":32,"column":32},"end":{"line":32,"column":35}},"loc":{"start":{"line":32,"column":37},"end":{"line":49,"column":5}}},"3":{"name":"(anonymous_4)","decl":{"start":{"line":36,"column":44},"end":{"line":36,"column":49}},"loc":{"start":{"line":36,"column":55},"end":{"line":48,"column":7}}},"4":{"name":"(anonymous_5)","decl":{"start":{"line":52,"column":2},"end":{"line":52,"column":7}},"loc":{"start":{"line":52,"column":25},"end":{"line":60,"column":3}}},"5":{"name":"(anonymous_6)","decl":{"start":{"line":62,"column":2},"end":{"line":62,"column":7}},"loc":{"start":{"line":62,"column":48},"end":{"line":77,"column":3}}},"6":{"name":"(anonymous_7)","decl":{"start":{"line":63,"column":45},"end":{"line":63,"column":50}},"loc":{"start":{"line":63,"column":64},"end":{"line":76,"column":5}}},"7":{"name":"(anonymous_8)","decl":{"start":{"line":79,"column":2},"end":{"line":79,"column":7}},"loc":{"start":{"line":79,"column":18},"end":{"line":82,"column":3}}}},"branchMap":{"0":{"loc":{"start":{"line":28,"column":4},"end":{"line":30,"column":5}},"type":"if","locations":[{"start":{"line":28,"column":4},"end":{"line":30,"column":5}}]},"1":{"loc":{"start":{"line":41,"column":8},"end":{"line":45,"column":9}},"type":"if","locations":[{"start":{"line":41,"column":8},"end":{"line":45,"column":9}}]},"2":{"loc":{"start":{"line":64,"column":6},"end":{"line":75,"column":7}},"type":"if","locations":[{"start":{"line":64,"column":6},"end":{"line":75,"column":7}}]}},"s":{"0":1,"1":1,"2":16,"3":16,"4":15,"5":15,"6":15,"7":1,"8":11,"9":11,"10":0,"11":11,"12":0,"13":0,"14":0,"15":0,"16":0,"17":0,"18":0,"19":0,"20":0,"21":0,"22":2,"23":5,"24":5,"25":5,"26":5,"27":5,"28":4,"29":1,"30":2,"31":2,"32":1},"f":{"0":16,"1":11,"2":0,"3":0,"4":2,"5":5,"6":5,"7":2},"b":{"0":[0],"1":[0],"2":[5]}}
,"/Users/levysantiago/Documents/workspace/text-me/openai-microservice/src/shared/container/providers/socket-client-provider/index.ts": {"path":"/Users/levysantiago/Documents/workspace/text-me/openai-microservice/src/shared/container/providers/socket-client-provider/index.ts","statementMap":{"0":{"start":{"line":1,"column":0},"end":{"line":1,"column":36}},"1":{"start":{"line":2,"column":0},"end":{"line":2,"column":83}},"2":{"start":{"line":5,"column":24},"end":{"line":7,"column":null}},"3":{"start":{"line":9,"column":0},"end":{"line":12,"column":null}}},"fnMap":{},"branchMap":{},"s":{"0":0,"1":0,"2":0,"3":0},"f":{},"b":{}}
,"/Users/levysantiago/Documents/workspace/text-me/openai-microservice/src/shared/container/providers/socket-client-provider/implementations/socketio-client.provider.ts": {"path":"/Users/levysantiago/Documents/workspace/text-me/openai-microservice/src/shared/container/providers/socket-client-provider/implementations/socketio-client.provider.ts","statementMap":{"0":{"start":{"line":2,"column":0},"end":{"line":2,"column":43}},"1":{"start":{"line":4,"column":0},"end":{"line":4,"column":45}},"2":{"start":{"line":5,"column":0},"end":{"line":5,"column":44}},"3":{"start":{"line":12,"column":7},"end":{"line":45,"column":null}},"4":{"start":{"line":17,"column":12},"end":{"line":17,"column":41}},"5":{"start":{"line":22,"column":24},"end":{"line":22,"column":73}},"6":{"start":{"line":23,"column":4},"end":{"line":25,"column":5}},"7":{"start":{"line":24,"column":6},"end":{"line":24,"column":null}},"8":{"start":{"line":28,"column":4},"end":{"line":30,"column":null}},"9":{"start":{"line":35,"column":4},"end":{"line":35,"column":null}},"10":{"start":{"line":39,"column":4},"end":{"line":39,"column":null}},"11":{"start":{"line":43,"column":4},"end":{"line":43,"column":null}},"12":{"start":{"line":12,"column":13},"end":{"line":12,"column":35}},"13":{"start":{"line":12,"column":13},"end":{"line":45,"column":null}}},"fnMap":{"0":{"name":"(anonymous_3)","decl":{"start":{"line":15,"column":2},"end":{"line":15,"column":null}},"loc":{"start":{"line":17,"column":41},"end":{"line":18,"column":6}}},"1":{"name":"(anonymous_4)","decl":{"start":{"line":20,"column":2},"end":{"line":20,"column":7}},"loc":{"start":{"line":20,"column":15},"end":{"line":31,"column":3}}},"2":{"name":"(anonymous_5)","decl":{"start":{"line":33,"column":2},"end":{"line":33,"column":11}},"loc":{"start":{"line":33,"column":70},"end":{"line":36,"column":3}}},"3":{"name":"(anonymous_6)","decl":{"start":{"line":38,"column":2},"end":{"line":38,"column":6}},"loc":{"start":{"line":38,"column":43},"end":{"line":40,"column":3}}},"4":{"name":"(anonymous_7)","decl":{"start":{"line":42,"column":2},"end":{"line":42,"column":12}},"loc":{"start":{"line":42,"column":12},"end":{"line":44,"column":3}}}},"branchMap":{"0":{"loc":{"start":{"line":23,"column":4},"end":{"line":25,"column":5}},"type":"if","locations":[{"start":{"line":23,"column":4},"end":{"line":25,"column":5}}]}},"s":{"0":1,"1":1,"2":1,"3":1,"4":8,"5":8,"6":8,"7":0,"8":8,"9":1,"10":2,"11":2,"12":1,"13":1},"f":{"0":8,"1":8,"2":1,"3":2,"4":2},"b":{"0":[0]}}
,"/Users/levysantiago/Documents/workspace/text-me/openai-microservice/src/shared/infra/hooks/on-close/disconnect-services.hook.ts": {"path":"/Users/levysantiago/Documents/workspace/text-me/openai-microservice/src/shared/infra/hooks/on-close/disconnect-services.hook.ts","statementMap":{"0":{"start":{"line":6,"column":0},"end":{"line":6,"column":7}},"1":{"start":{"line":1,"column":0},"end":{"line":1,"column":36}},"2":{"start":{"line":8,"column":24},"end":{"line":8,"column":74}},"3":{"start":{"line":10,"column":24},"end":{"line":10,"column":74}},"4":{"start":{"line":12,"column":25},"end":{"line":12,"column":77}},"5":{"start":{"line":14,"column":2},"end":{"line":14,"column":null}},"6":{"start":{"line":15,"column":2},"end":{"line":15,"column":null}},"7":{"start":{"line":16,"column":2},"end":{"line":16,"column":null}}},"fnMap":{"0":{"name":"disconnectServicesHook","decl":{"start":{"line":6,"column":22},"end":{"line":6,"column":44}},"loc":{"start":{"line":6,"column":44},"end":{"line":17,"column":1}}}},"branchMap":{},"s":{"0":1,"1":1,"2":4,"3":4,"4":4,"5":4,"6":4,"7":4},"f":{"0":4},"b":{}}
,"/Users/levysantiago/Documents/workspace/text-me/openai-microservice/src/shared/infra/hooks/on-ready/connect-queue-service.hook.ts": {"path":"/Users/levysantiago/Documents/workspace/text-me/openai-microservice/src/shared/infra/hooks/on-ready/connect-queue-service.hook.ts","statementMap":{"0":{"start":{"line":5,"column":0},"end":{"line":5,"column":7}},"1":{"start":{"line":1,"column":0},"end":{"line":1,"column":36}},"2":{"start":{"line":3,"column":0},"end":{"line":3,"column":87}},"3":{"start":{"line":7,"column":24},"end":{"line":7,"column":74}},"4":{"start":{"line":9,"column":32},"end":{"line":9,"column":72}},"5":{"start":{"line":11,"column":2},"end":{"line":11,"column":null}},"6":{"start":{"line":13,"column":2},"end":{"line":13,"column":null}}},"fnMap":{"0":{"name":"connectQueueServiceHook","decl":{"start":{"line":5,"column":22},"end":{"line":5,"column":45}},"loc":{"start":{"line":5,"column":45},"end":{"line":14,"column":1}}}},"branchMap":{},"s":{"0":1,"1":1,"2":1,"3":3,"4":3,"5":3,"6":3},"f":{"0":3},"b":{}}
,"/Users/levysantiago/Documents/workspace/text-me/openai-microservice/src/shared/infra/hooks/on-ready/connect-socket-service.hook.ts": {"path":"/Users/levysantiago/Documents/workspace/text-me/openai-microservice/src/shared/infra/hooks/on-ready/connect-socket-service.hook.ts","statementMap":{"0":{"start":{"line":5,"column":0},"end":{"line":5,"column":7}},"1":{"start":{"line":1,"column":0},"end":{"line":1,"column":36}},"2":{"start":{"line":3,"column":0},"end":{"line":3,"column":99}},"3":{"start":{"line":7,"column":25},"end":{"line":7,"column":77}},"4":{"start":{"line":9,"column":38},"end":{"line":10,"column":null}},"5":{"start":{"line":14,"column":2},"end":{"line":14,"column":null}},"6":{"start":{"line":17,"column":2},"end":{"line":20,"column":null}}},"fnMap":{"0":{"name":"connectSocketServiceHook","decl":{"start":{"line":5,"column":22},"end":{"line":5,"column":46}},"loc":{"start":{"line":5,"column":46},"end":{"line":21,"column":1}}}},"branchMap":{},"s":{"0":1,"1":1,"2":1,"3":3,"4":3,"5":3,"6":3},"f":{"0":3},"b":{}}
,"/Users/levysantiago/Documents/workspace/text-me/openai-microservice/src/shared/infra/hooks/on-ready/login.hook.ts": {"path":"/Users/levysantiago/Documents/workspace/text-me/openai-microservice/src/shared/infra/hooks/on-ready/login.hook.ts","statementMap":{"0":{"start":{"line":7,"column":0},"end":{"line":7,"column":7}},"1":{"start":{"line":1,"column":0},"end":{"line":1,"column":23}},"2":{"start":{"line":2,"column":0},"end":{"line":2,"column":36}},"3":{"start":{"line":4,"column":0},"end":{"line":4,"column":66}},"4":{"start":{"line":5,"column":0},"end":{"line":5,"column":43}},"5":{"start":{"line":8,"column":24},"end":{"line":8,"column":74}},"6":{"start":{"line":10,"column":19},"end":{"line":13,"column":4}},"7":{"start":{"line":15,"column":2},"end":{"line":17,"column":3}},"8":{"start":{"line":16,"column":4},"end":{"line":16,"column":null}},"9":{"start":{"line":20,"column":29},"end":{"line":22,"column":4}},"10":{"start":{"line":25,"column":23},"end":{"line":25,"column":66}},"11":{"start":{"line":26,"column":2},"end":{"line":28,"column":3}},"12":{"start":{"line":27,"column":4},"end":{"line":27,"column":null}},"13":{"start":{"line":30,"column":2},"end":{"line":30,"column":null}}},"fnMap":{"0":{"name":"loginHook","decl":{"start":{"line":7,"column":22},"end":{"line":7,"column":31}},"loc":{"start":{"line":7,"column":31},"end":{"line":31,"column":1}}}},"branchMap":{"0":{"loc":{"start":{"line":15,"column":2},"end":{"line":17,"column":3}},"type":"if","locations":[{"start":{"line":15,"column":2},"end":{"line":17,"column":3}}]},"1":{"loc":{"start":{"line":26,"column":2},"end":{"line":28,"column":3}},"type":"if","locations":[{"start":{"line":26,"column":2},"end":{"line":28,"column":3}}]}},"s":{"0":1,"1":1,"2":1,"3":1,"4":1,"5":5,"6":5,"7":5,"8":1,"9":4,"10":4,"11":4,"12":1,"13":3},"f":{"0":5},"b":{"0":[1],"1":[1]}}
,"/Users/levysantiago/Documents/workspace/text-me/openai-microservice/src/shared/resources/api/textme-server.ts": {"path":"/Users/levysantiago/Documents/workspace/text-me/openai-microservice/src/shared/resources/api/textme-server.ts","statementMap":{"0":{"start":{"line":1,"column":0},"end":{"line":1,"column":43}},"1":{"start":{"line":2,"column":0},"end":{"line":2,"column":25}},"2":{"start":{"line":4,"column":13},"end":{"line":9,"column":null}}},"fnMap":{},"branchMap":{},"s":{"0":6,"1":6,"2":6},"f":{},"b":{}}
,"/Users/levysantiago/Documents/workspace/text-me/openai-microservice/src/shared/resources/env/index.ts": {"path":"/Users/levysantiago/Documents/workspace/text-me/openai-microservice/src/shared/resources/env/index.ts","statementMap":{"0":{"start":{"line":1,"column":0},"end":{"line":1,"column":31}},"1":{"start":{"line":2,"column":0},"end":{"line":2,"column":23}},"2":{"start":{"line":4,"column":0},"end":{"line":8,"column":1}},"3":{"start":{"line":5,"column":2},"end":{"line":5,"column":null}},"4":{"start":{"line":7,"column":2},"end":{"line":7,"column":null}},"5":{"start":{"line":10,"column":18},"end":{"line":38,"column":2}},"6":{"start":{"line":40,"column":13},"end":{"line":40,"column":45}},"7":{"start":{"line":42,"column":0},"end":{"line":46,"column":1}},"8":{"start":{"line":43,"column":2},"end":{"line":43,"column":null}},"9":{"start":{"line":45,"column":2},"end":{"line":45,"column":null}},"10":{"start":{"line":48,"column":13},"end":{"line":48,"column":null}}},"fnMap":{},"branchMap":{"0":{"loc":{"start":{"line":4,"column":0},"end":{"line":8,"column":1}},"type":"if","locations":[{"start":{"line":4,"column":0},"end":{"line":8,"column":1}},{"start":{"line":6,"column":7},"end":{"line":8,"column":1}}]},"1":{"loc":{"start":{"line":42,"column":0},"end":{"line":46,"column":1}},"type":"if","locations":[{"start":{"line":42,"column":0},"end":{"line":46,"column":1}}]}},"s":{"0":10,"1":10,"2":10,"3":10,"4":0,"5":10,"6":10,"7":10,"8":0,"9":0,"10":10},"f":{},"b":{"0":[10,0],"1":[0]}}
,"/Users/levysantiago/Documents/workspace/text-me/openai-microservice/src/shared/resources/errors/app.error.ts": {"path":"/Users/levysantiago/Documents/workspace/text-me/openai-microservice/src/shared/resources/errors/app.error.ts","statementMap":{"0":{"start":{"line":14,"column":4},"end":{"line":14,"column":null}},"1":{"start":{"line":15,"column":4},"end":{"line":15,"column":null}},"2":{"start":{"line":16,"column":4},"end":{"line":16,"column":null}},"3":{"start":{"line":17,"column":4},"end":{"line":17,"column":null}},"4":{"start":{"line":18,"column":4},"end":{"line":18,"column":null}},"5":{"start":{"line":4,"column":0},"end":{"line":4,"column":13}}},"fnMap":{"0":{"name":"(anonymous_0)","decl":{"start":{"line":10,"column":2},"end":{"line":10,"column":null}},"loc":{"start":{"line":12,"column":49},"end":{"line":19,"column":3}}}},"branchMap":{"0":{"loc":{"start":{"line":15,"column":18},"end":{"line":15,"column":39}},"type":"binary-expr","locations":[{"start":{"line":15,"column":18},"end":{"line":15,"column":32}},{"start":{"line":15,"column":36},"end":{"line":15,"column":39}}]},"1":{"loc":{"start":{"line":16,"column":21},"end":{"line":16,"column":57}},"type":"binary-expr","locations":[{"start":{"line":16,"column":21},"end":{"line":16,"column":30}},{"start":{"line":16,"column":34},"end":{"line":16,"column":57}}]},"2":{"loc":{"start":{"line":18,"column":18},"end":{"line":18,"column":38}},"type":"binary-expr","locations":[{"start":{"line":18,"column":18},"end":{"line":18,"column":32}},{"start":{"line":18,"column":36},"end":{"line":18,"column":38}}]}},"s":{"0":1,"1":1,"2":1,"3":1,"4":1,"5":4},"f":{"0":1},"b":{"0":[1,0],"1":[1,0],"2":[1,1]}}
,"/Users/levysantiago/Documents/workspace/text-me/openai-microservice/src/shared/resources/errors/error-message-manager.ts": {"path":"/Users/levysantiago/Documents/workspace/text-me/openai-microservice/src/shared/resources/errors/error-message-manager.ts","statementMap":{"0":{"start":{"line":1,"column":0},"end":{"line":1,"column":38}},"1":{"start":{"line":3,"column":0},"end":{"line":3,"column":38}},"2":{"start":{"line":4,"column":0},"end":{"line":4,"column":35}},"3":{"start":{"line":9,"column":4},"end":{"line":14,"column":5}},"4":{"start":{"line":10,"column":6},"end":{"line":13,"column":null}},"5":{"start":{"line":17,"column":28},"end":{"line":21,"column":null}},"6":{"start":{"line":25,"column":40},"end":{"line":25,"column":67}},"7":{"start":{"line":28,"column":4},"end":{"line":28,"column":null}},"8":{"start":{"line":32,"column":4},"end":{"line":32,"column":null}},"9":{"start":{"line":7,"column":0},"end":{"line":7,"column":13}}},"fnMap":{"0":{"name":"(anonymous_0)","decl":{"start":{"line":8,"column":2},"end":{"line":8,"column":8}},"loc":{"start":{"line":8,"column":36},"end":{"line":29,"column":3}}},"1":{"name":"(anonymous_1)","decl":{"start":{"line":31,"column":2},"end":{"line":31,"column":8}},"loc":{"start":{"line":31,"column":29},"end":{"line":33,"column":3}}}},"branchMap":{"0":{"loc":{"start":{"line":9,"column":4},"end":{"line":14,"column":5}},"type":"if","locations":[{"start":{"line":9,"column":4},"end":{"line":14,"column":5}}]},"1":{"loc":{"start":{"line":9,"column":8},"end":{"line":9,"column":42}},"type":"binary-expr","locations":[{"start":{"line":9,"column":8},"end":{"line":9,"column":23}},{"start":{"line":9,"column":27},"end":{"line":9,"column":42}}]}},"s":{"0":4,"1":4,"2":4,"3":0,"4":0,"5":0,"6":0,"7":0,"8":0,"9":4},"f":{"0":0,"1":0},"b":{"0":[0],"1":[0,0]}}
,"/Users/levysantiago/Documents/workspace/text-me/openai-microservice/src/shared/resources/lib/conversation-helper.ts": {"path":"/Users/levysantiago/Documents/workspace/text-me/openai-microservice/src/shared/resources/lib/conversation-helper.ts","statementMap":{"0":{"start":{"line":1,"column":0},"end":{"line":1,"column":40}},"1":{"start":{"line":11,"column":4},"end":{"line":15,"column":5}},"2":{"start":{"line":12,"column":6},"end":{"line":14,"column":null}},"3":{"start":{"line":16,"column":19},"end":{"line":16,"column":29}},"4":{"start":{"line":17,"column":20},"end":{"line":17,"column":28}},"5":{"start":{"line":19,"column":4},"end":{"line":22,"column":5}},"6":{"start":{"line":20,"column":6},"end":{"line":20,"column":null}},"7":{"start":{"line":21,"column":6},"end":{"line":21,"column":null}},"8":{"start":{"line":24,"column":4},"end":{"line":24,"column":null}},"9":{"start":{"line":3,"column":0},"end":{"line":3,"column":13}}},"fnMap":{"0":{"name":"(anonymous_0)","decl":{"start":{"line":4,"column":9},"end":{"line":4,"column":15}},"loc":{"start":{"line":10,"column":3},"end":{"line":25,"column":3}}}},"branchMap":{"0":{"loc":{"start":{"line":11,"column":4},"end":{"line":15,"column":5}},"type":"if","locations":[{"start":{"line":11,"column":4},"end":{"line":15,"column":5}}]},"1":{"loc":{"start":{"line":11,"column":8},"end":{"line":11,"column":32}},"type":"binary-expr","locations":[{"start":{"line":11,"column":8},"end":{"line":11,"column":19}},{"start":{"line":11,"column":23},"end":{"line":11,"column":32}}]},"2":{"loc":{"start":{"line":19,"column":4},"end":{"line":22,"column":5}},"type":"if","locations":[{"start":{"line":19,"column":4},"end":{"line":22,"column":5}}]}},"s":{"0":5,"1":0,"2":0,"3":0,"4":0,"5":0,"6":0,"7":0,"8":0,"9":5},"f":{"0":0},"b":{"0":[0],"1":[0,0],"2":[0]}}
}
