TN:
SF:src/server.ts
FN:16,(anonymous_1)
FNF:1
FNH:0
FNDA:0,(anonymous_1)
DA:1,0
DA:2,0
DA:3,0
DA:4,0
DA:5,0
DA:6,0
DA:7,0
DA:9,0
DA:11,0
DA:12,0
DA:13,0
DA:14,0
DA:16,0
DA:17,0
DA:18,0
DA:19,0
DA:21,0
LF:17
LH:0
BRDA:17,0,0,0
BRF:1
BRH:0
end_of_record
TN:
SF:src/modules/chat/errors/microservice-not-logged.error.ts
FN:4,(anonymous_0)
FNF:1
FNH:1
FNDA:1,(anonymous_0)
DA:1,4
DA:3,4
DA:5,1
LF:3
LH:3
BRDA:4,0,0,1
BRDA:7,1,0,1
BRDA:7,1,1,1
BRF:3
BRH:3
end_of_record
TN:
SF:src/modules/chat/services/get-updated-context.service.ts
FN:16,(anonymous_3)
FN:21,(anonymous_4)
FN:52,(anonymous_5)
FNF:3
FNH:3
FNDA:5,(anonymous_3)
FNDA:4,(anonymous_4)
FNDA:1,(anonymous_5)
DA:2,5
DA:6,5
DA:7,5
DA:15,5
DA:18,5
DA:23,4
DA:26,4
DA:32,4
DA:35,4
DA:37,4
DA:38,3
DA:44,1
DA:51,1
DA:52,1
DA:53,1
DA:54,1
DA:58,1
DA:61,4
LF:18
LH:18
BRDA:37,0,0,3
BRDA:37,0,1,1
BRF:2
BRH:2
end_of_record
TN:
SF:src/modules/chat/services/handle-created-message.service.ts
FN:15,(anonymous_3)
FN:26,(anonymous_4)
FNF:2
FNH:2
FNDA:6,(anonymous_3)
FNDA:6,(anonymous_4)
DA:2,2
DA:5,2
DA:6,2
DA:8,2
DA:9,2
DA:10,2
DA:14,2
DA:17,6
DA:19,6
DA:21,6
DA:23,6
DA:26,6
DA:32,6
DA:33,6
DA:35,6
DA:36,4
DA:38,4
DA:44,4
DA:47,4
DA:53,4
DA:56,4
DA:62,0
DA:65,0
DA:68,2
DA:70,2
DA:77,1
DA:78,1
DA:79,0
DA:82,1
DA:84,1
LF:30
LH:27
BRDA:33,0,0,2
BRDA:35,1,0,4
BRDA:35,1,1,2
BRDA:78,2,0,0
BRDA:82,3,0,1
BRF:5
BRH:4
end_of_record
TN:
SF:src/modules/chat/services/send-ai-response.service.ts
FN:14,(anonymous_3)
FN:25,(anonymous_4)
FN:50,(anonymous_5)
FNF:3
FNH:2
FNDA:10,(anonymous_3)
FNDA:11,(anonymous_4)
FNDA:0,(anonymous_5)
DA:5,2
DA:7,2
DA:8,2
DA:9,2
DA:10,2
DA:13,2
DA:16,10
DA:18,10
DA:20,10
DA:22,10
DA:25,10
DA:26,11
DA:28,11
DA:30,11
DA:31,11
DA:32,1
DA:36,10
DA:42,8
DA:45,8
DA:50,8
DA:51,0
DA:58,8
DA:60,8
DA:62,8
DA:70,8
DA:76,8
DA:79,8
DA:85,3
DA:87,3
DA:89,2
DA:97,3
DA:99,11
LF:32
LH:31
BRDA:31,0,0,1
BRDA:60,1,0,8
BRDA:87,2,0,2
BRF:3
BRH:3
end_of_record
TN:
SF:src/shared/container/providers/index.ts
FNF:0
FNH:0
DA:1,0
DA:2,0
DA:3,0
DA:4,0
LF:4
LH:0
BRF:0
BRH:0
end_of_record
TN:
SF:src/shared/container/providers/ai-provider/index.ts
FNF:0
FNH:0
DA:1,0
DA:2,0
DA:3,0
DA:6,0
DA:11,0
LF:5
LH:0
BRF:0
BRH:0
end_of_record
TN:
SF:src/shared/container/providers/ai-provider/implementations/fake-ai.provider.ts
FN:6,(anonymous_0)
FNF:1
FNH:0
FNDA:0,(anonymous_0)
DA:9,0
DA:15,0
LF:2
LH:0
BRF:0
BRH:0
end_of_record
TN:
SF:src/shared/container/providers/ai-provider/implementations/openai.provider.ts
FN:23,(anonymous_0)
FN:31,(anonymous_1)
FNF:2
FNH:2
FNDA:3,(anonymous_0)
FNDA:2,(anonymous_1)
DA:1,1
DA:2,1
DA:9,3
DA:24,3
DA:35,2
DA:40,2
DA:44,1
LF:7
LH:7
BRF:0
BRH:0
end_of_record
TN:
SF:src/shared/container/providers/cache-provider/index.ts
FNF:0
FNH:0
DA:1,0
DA:2,0
DA:4,0
DA:6,0
DA:11,0
LF:5
LH:0
BRF:0
BRH:0
end_of_record
TN:
SF:src/shared/container/providers/cache-provider/implementations/local-cache.provider.ts
FN:4,(anonymous_0)
FN:7,(anonymous_1)
FN:8,(anonymous_2)
FN:14,(anonymous_3)
FN:15,(anonymous_4)
FN:20,(anonymous_5)
FN:21,(anonymous_6)
FN:27,(anonymous_7)
FNF:8
FNH:0
FNDA:0,(anonymous_0)
FNDA:0,(anonymous_1)
FNDA:0,(anonymous_2)
FNDA:0,(anonymous_3)
FNDA:0,(anonymous_4)
FNDA:0,(anonymous_5)
FNDA:0,(anonymous_6)
FNDA:0,(anonymous_7)
DA:5,0
DA:8,0
DA:9,0
DA:10,0
DA:15,0
DA:16,0
DA:21,0
DA:22,0
DA:23,0
DA:30,0
LF:10
LH:0
BRF:0
BRH:0
end_of_record
TN:
SF:src/shared/container/providers/cache-provider/implementations/redis-cache.provider.ts
FN:8,(anonymous_1)
FN:17,(anonymous_2)
FN:25,(anonymous_3)
FN:29,(anonymous_4)
FN:33,(anonymous_5)
FNF:5
FNH:5
FNDA:11,(anonymous_1)
FNDA:3,(anonymous_2)
FNDA:2,(anonymous_3)
FNDA:2,(anonymous_4)
FNDA:2,(anonymous_5)
DA:1,1
DA:3,1
DA:10,11
DA:18,3
DA:19,1
DA:21,2
DA:26,2
DA:30,2
DA:34,2
DA:38,1
LF:10
LH:10
BRDA:18,0,0,1
BRDA:18,0,1,2
BRF:2
BRH:2
end_of_record
TN:
SF:src/shared/container/providers/queue-provider/index.ts
FNF:0
FNH:0
DA:1,0
DA:2,0
DA:5,0
DA:9,0
LF:4
LH:0
BRF:0
BRH:0
end_of_record
TN:
SF:src/shared/container/providers/queue-provider/implementations/rabbitmq-queue.provider.ts
FN:9,(anonymous_1)
FN:25,(anonymous_2)
FN:32,(anonymous_3)
FN:36,(anonymous_4)
FN:52,(anonymous_5)
FN:62,(anonymous_6)
FN:63,(anonymous_7)
FN:79,(anonymous_8)
FNF:8
FNH:6
FNDA:16,(anonymous_1)
FNDA:11,(anonymous_2)
FNDA:0,(anonymous_3)
FNDA:0,(anonymous_4)
FNDA:2,(anonymous_5)
FNDA:5,(anonymous_6)
FNDA:5,(anonymous_7)
FNDA:2,(anonymous_8)
DA:1,1
DA:3,1
DA:5,1
DA:10,16
DA:11,16
DA:17,15
DA:18,15
DA:19,15
DA:21,1
DA:26,11
DA:28,11
DA:29,0
DA:32,11
DA:33,0
DA:35,0
DA:36,0
DA:37,0
DA:39,0
DA:41,0
DA:42,0
DA:43,0
DA:44,0
DA:47,0
DA:53,2
DA:63,5
DA:64,5
DA:65,5
DA:66,5
DA:70,5
DA:71,4
DA:73,1
DA:80,2
DA:81,2
LF:33
LH:22
BRDA:28,0,0,0
BRDA:41,1,0,0
BRDA:64,2,0,5
BRF:3
BRH:1
end_of_record
TN:
SF:src/shared/container/providers/socket-client-provider/index.ts
FNF:0
FNH:0
DA:1,0
DA:2,0
DA:5,0
DA:9,0
LF:4
LH:0
BRF:0
BRH:0
end_of_record
TN:
SF:src/shared/container/providers/socket-client-provider/implementations/socketio-client.provider.ts
FN:15,(anonymous_3)
FN:20,(anonymous_4)
FN:33,(anonymous_5)
FN:38,(anonymous_6)
FN:42,(anonymous_7)
FNF:5
FNH:5
FNDA:8,(anonymous_3)
FNDA:8,(anonymous_4)
FNDA:1,(anonymous_5)
FNDA:2,(anonymous_6)
FNDA:2,(anonymous_7)
DA:2,1
DA:4,1
DA:5,1
DA:12,1
DA:17,8
DA:22,8
DA:23,8
DA:24,0
DA:28,8
DA:35,1
DA:39,2
DA:43,2
LF:12
LH:11
BRDA:23,0,0,0
BRF:1
BRH:0
end_of_record
TN:
SF:src/shared/infra/hooks/on-close/disconnect-services.hook.ts
FN:6,disconnectServicesHook
FNF:1
FNH:1
FNDA:4,disconnectServicesHook
DA:1,1
DA:6,1
DA:8,4
DA:10,4
DA:12,4
DA:14,4
DA:15,4
DA:16,4
LF:8
LH:8
BRF:0
BRH:0
end_of_record
TN:
SF:src/shared/infra/hooks/on-ready/connect-queue-service.hook.ts
FN:5,connectQueueServiceHook
FNF:1
FNH:1
FNDA:3,connectQueueServiceHook
DA:1,1
DA:3,1
DA:5,1
DA:7,3
DA:9,3
DA:11,3
DA:13,3
LF:7
LH:7
BRF:0
BRH:0
end_of_record
TN:
SF:src/shared/infra/hooks/on-ready/connect-socket-service.hook.ts
FN:5,connectSocketServiceHook
FNF:1
FNH:1
FNDA:3,connectSocketServiceHook
DA:1,1
DA:3,1
DA:5,1
DA:7,3
DA:9,3
DA:14,3
DA:17,3
LF:7
LH:7
BRF:0
BRH:0
end_of_record
TN:
SF:src/shared/infra/hooks/on-ready/login.hook.ts
FN:7,loginHook
FNF:1
FNH:1
FNDA:5,loginHook
DA:1,1
DA:2,1
DA:4,1
DA:5,1
DA:7,1
DA:8,5
DA:10,5
DA:15,5
DA:16,1
DA:20,4
DA:25,4
DA:26,4
DA:27,1
DA:30,3
LF:14
LH:14
BRDA:15,0,0,1
BRDA:26,1,0,1
BRF:2
BRH:2
end_of_record
TN:
SF:src/shared/resources/api/textme-server.ts
FNF:0
FNH:0
DA:1,6
DA:2,6
DA:4,6
LF:3
LH:3
BRF:0
BRH:0
end_of_record
TN:
SF:src/shared/resources/env/index.ts
FNF:0
FNH:0
DA:1,10
DA:2,10
DA:4,10
DA:5,10
DA:7,0
DA:10,10
DA:40,10
DA:42,10
DA:43,0
DA:45,0
DA:48,10
LF:11
LH:8
BRDA:4,0,0,10
BRDA:4,0,1,0
BRDA:42,1,0,0
BRF:3
BRH:1
end_of_record
TN:
SF:src/shared/resources/errors/app.error.ts
FN:10,(anonymous_0)
FNF:1
FNH:1
FNDA:1,(anonymous_0)
DA:4,4
DA:14,1
DA:15,1
DA:16,1
DA:17,1
DA:18,1
LF:6
LH:6
BRDA:15,0,0,1
BRDA:15,0,1,0
BRDA:16,1,0,1
BRDA:16,1,1,0
BRDA:18,2,0,1
BRDA:18,2,1,1
BRF:6
BRH:4
end_of_record
TN:
SF:src/shared/resources/errors/error-message-manager.ts
FN:8,(anonymous_0)
FN:31,(anonymous_1)
FNF:2
FNH:0
FNDA:0,(anonymous_0)
FNDA:0,(anonymous_1)
DA:1,4
DA:3,4
DA:4,4
DA:7,4
DA:9,0
DA:10,0
DA:17,0
DA:25,0
DA:28,0
DA:32,0
LF:10
LH:4
BRDA:9,0,0,0
BRDA:9,1,0,0
BRDA:9,1,1,0
BRF:3
BRH:0
end_of_record
TN:
SF:src/shared/resources/lib/conversation-helper.ts
FN:4,(anonymous_0)
FNF:1
FNH:0
FNDA:0,(anonymous_0)
DA:1,5
DA:3,5
DA:11,0
DA:12,0
DA:16,0
DA:17,0
DA:19,0
DA:20,0
DA:21,0
DA:24,0
LF:10
LH:2
BRDA:11,0,0,0
BRDA:11,1,0,0
BRDA:11,1,1,0
BRDA:19,2,0,0
BRF:4
BRH:0
end_of_record
