TN:
SF:src/server.ts
FN:16,(anonymous_1)
FNF:1
FNH:0
FNDA:0,(anonymous_1)
DA:1,0
DA:2,0
DA:3,0
DA:4,0
DA:5,0
DA:6,0
DA:7,0
DA:9,0
DA:11,0
DA:12,0
DA:13,0
DA:14,0
DA:16,0
DA:17,0
DA:18,0
DA:19,0
DA:21,0
LF:17
LH:0
BRDA:17,0,0,0
BRF:1
BRH:0
end_of_record
TN:
SF:src/modules/chat/errors/microservice-not-logged.error.ts
FN:4,(anonymous_0)
FNF:1
FNH:0
FNDA:0,(anonymous_0)
DA:1,0
DA:3,0
DA:5,0
LF:3
LH:0
BRDA:4,0,0,0
BRDA:7,1,0,0
BRDA:7,1,1,0
BRF:3
BRH:0
end_of_record
TN:
SF:src/modules/chat/services/get-updated-context.service.ts
FN:17,(anonymous_1)
FN:22,(anonymous_2)
FN:50,(anonymous_3)
FNF:3
FNH:0
FNDA:0,(anonymous_1)
FNDA:0,(anonymous_2)
FNDA:0,(anonymous_3)
DA:1,0
DA:2,0
DA:6,0
DA:14,0
DA:19,0
DA:24,0
DA:27,0
DA:30,0
DA:33,0
DA:35,0
DA:36,0
DA:42,0
DA:49,0
DA:50,0
DA:51,0
DA:52,0
DA:54,0
DA:57,0
LF:18
LH:0
BRDA:35,0,0,0
BRDA:35,0,1,0
BRF:2
BRH:0
end_of_record
TN:
SF:src/modules/chat/services/handle-created-message.service.ts
FN:15,(anonymous_3)
FN:26,(anonymous_4)
FNF:2
FNH:0
FNDA:0,(anonymous_3)
FNDA:0,(anonymous_4)
DA:2,0
DA:3,0
DA:7,0
DA:8,0
DA:10,0
DA:11,0
DA:14,0
DA:17,0
DA:19,0
DA:21,0
DA:23,0
DA:26,0
DA:33,0
DA:34,0
DA:36,0
DA:37,0
DA:39,0
DA:45,0
DA:48,0
DA:54,0
DA:57,0
DA:63,0
DA:66,0
DA:69,0
DA:71,0
DA:78,0
DA:79,0
DA:80,0
DA:83,0
DA:85,0
LF:30
LH:0
BRDA:34,0,0,0
BRDA:36,1,0,0
BRDA:36,1,1,0
BRDA:79,2,0,0
BRDA:83,3,0,0
BRF:5
BRH:0
end_of_record
TN:
SF:src/modules/chat/services/send-ai-response.service.ts
FN:14,(anonymous_3)
FN:25,(anonymous_4)
FN:50,(anonymous_5)
FNF:3
FNH:0
FNDA:0,(anonymous_3)
FNDA:0,(anonymous_4)
FNDA:0,(anonymous_5)
DA:5,0
DA:7,0
DA:8,0
DA:9,0
DA:10,0
DA:13,0
DA:16,0
DA:18,0
DA:20,0
DA:22,0
DA:25,0
DA:26,0
DA:28,0
DA:30,0
DA:31,0
DA:32,0
DA:36,0
DA:42,0
DA:45,0
DA:50,0
DA:51,0
DA:58,0
DA:60,0
DA:62,0
DA:70,0
DA:76,0
DA:79,0
DA:85,0
DA:87,0
DA:89,0
DA:97,0
DA:99,0
LF:32
LH:0
BRDA:31,0,0,0
BRDA:60,1,0,0
BRDA:87,2,0,0
BRF:3
BRH:0
end_of_record
TN:
SF:src/shared/container/providers/index.ts
FNF:0
FNH:0
DA:1,0
DA:2,0
DA:3,0
DA:4,0
LF:4
LH:0
BRF:0
BRH:0
end_of_record
TN:
SF:src/shared/container/providers/ai-provider/index.ts
FNF:0
FNH:0
DA:1,0
DA:2,0
DA:3,0
DA:6,0
DA:11,0
LF:5
LH:0
BRF:0
BRH:0
end_of_record
TN:
SF:src/shared/container/providers/ai-provider/implementations/fake-ai.provider.ts
FN:6,(anonymous_0)
FNF:1
FNH:0
FNDA:0,(anonymous_0)
DA:9,0
DA:15,0
LF:2
LH:0
BRF:0
BRH:0
end_of_record
TN:
SF:src/shared/container/providers/ai-provider/implementations/openai.provider.ts
FN:23,(anonymous_0)
FN:31,(anonymous_1)
FNF:2
FNH:2
FNDA:3,(anonymous_0)
FNDA:2,(anonymous_1)
DA:1,1
DA:2,1
DA:9,3
DA:24,3
DA:35,2
DA:40,2
DA:44,1
LF:7
LH:7
BRF:0
BRH:0
end_of_record
TN:
SF:src/shared/container/providers/cache-provider/index.ts
FNF:0
FNH:0
DA:1,0
DA:2,0
DA:4,0
DA:6,0
DA:11,0
LF:5
LH:0
BRF:0
BRH:0
end_of_record
TN:
SF:src/shared/container/providers/cache-provider/implementations/local-cache.provider.ts
FN:4,(anonymous_0)
FN:7,(anonymous_1)
FN:8,(anonymous_2)
FN:14,(anonymous_3)
FN:15,(anonymous_4)
FN:20,(anonymous_5)
FN:21,(anonymous_6)
FN:27,(anonymous_7)
FNF:8
FNH:0
FNDA:0,(anonymous_0)
FNDA:0,(anonymous_1)
FNDA:0,(anonymous_2)
FNDA:0,(anonymous_3)
FNDA:0,(anonymous_4)
FNDA:0,(anonymous_5)
FNDA:0,(anonymous_6)
FNDA:0,(anonymous_7)
DA:5,0
DA:8,0
DA:9,0
DA:10,0
DA:15,0
DA:16,0
DA:21,0
DA:22,0
DA:23,0
DA:30,0
LF:10
LH:0
BRF:0
BRH:0
end_of_record
TN:
SF:src/shared/container/providers/cache-provider/implementations/redis-cache.provider.ts
FN:8,(anonymous_1)
FN:17,(anonymous_2)
FN:25,(anonymous_3)
FN:29,(anonymous_4)
FN:33,(anonymous_5)
FNF:5
FNH:5
FNDA:11,(anonymous_1)
FNDA:3,(anonymous_2)
FNDA:2,(anonymous_3)
FNDA:2,(anonymous_4)
FNDA:2,(anonymous_5)
DA:1,1
DA:3,1
DA:10,11
DA:18,3
DA:19,1
DA:21,2
DA:26,2
DA:30,2
DA:34,2
DA:38,1
LF:10
LH:10
BRDA:18,0,0,1
BRDA:18,0,1,2
BRF:2
BRH:2
end_of_record
TN:
SF:src/shared/container/providers/queue-provider/index.ts
FNF:0
FNH:0
DA:1,0
DA:2,0
DA:5,0
DA:9,0
LF:4
LH:0
BRF:0
BRH:0
end_of_record
TN:
SF:src/shared/container/providers/queue-provider/implementations/rabbitmq-queue.provider.ts
FN:9,(anonymous_1)
FN:25,(anonymous_2)
FN:32,(anonymous_3)
FN:36,(anonymous_4)
FN:52,(anonymous_5)
FN:62,(anonymous_6)
FN:63,(anonymous_7)
FN:79,(anonymous_8)
FNF:8
FNH:6
FNDA:16,(anonymous_1)
FNDA:11,(anonymous_2)
FNDA:0,(anonymous_3)
FNDA:0,(anonymous_4)
FNDA:2,(anonymous_5)
FNDA:5,(anonymous_6)
FNDA:5,(anonymous_7)
FNDA:2,(anonymous_8)
DA:1,1
DA:3,1
DA:5,1
DA:10,16
DA:11,16
DA:17,15
DA:18,15
DA:19,15
DA:21,1
DA:26,11
DA:28,11
DA:29,0
DA:32,11
DA:33,0
DA:35,0
DA:36,0
DA:37,0
DA:39,0
DA:41,0
DA:42,0
DA:43,0
DA:44,0
DA:47,0
DA:53,2
DA:63,5
DA:64,5
DA:65,5
DA:66,5
DA:70,5
DA:71,4
DA:73,1
DA:80,2
DA:81,2
LF:33
LH:22
BRDA:28,0,0,0
BRDA:41,1,0,0
BRDA:64,2,0,5
BRF:3
BRH:1
end_of_record
TN:
SF:src/shared/container/providers/socket-client-provider/index.ts
FNF:0
FNH:0
DA:1,0
DA:2,0
DA:5,0
DA:9,0
LF:4
LH:0
BRF:0
BRH:0
end_of_record
TN:
SF:src/shared/container/providers/socket-client-provider/implementations/socketio-client.provider.ts
FN:23,(anonymous_3)
FN:28,(anonymous_4)
FN:43,(anonymous_5)
FN:45,(anonymous_6)
FN:57,(anonymous_7)
FN:61,(anonymous_8)
FN:65,(anonymous_9)
FNF:7
FNH:0
FNDA:0,(anonymous_3)
FNDA:0,(anonymous_4)
FNDA:0,(anonymous_5)
FNDA:0,(anonymous_6)
FNDA:0,(anonymous_7)
FNDA:0,(anonymous_8)
FNDA:0,(anonymous_9)
DA:2,0
DA:5,0
DA:6,0
DA:17,0
DA:19,0
DA:25,0
DA:30,0
DA:31,0
DA:32,0
DA:36,0
DA:41,0
DA:45,0
DA:46,0
DA:58,0
DA:62,0
DA:66,0
LF:16
LH:0
BRDA:31,0,0,0
BRF:1
BRH:0
end_of_record
TN:
SF:src/shared/infra/hooks/on-close/disconnect-services.hook.ts
FN:6,disconnectServicesHook
FNF:1
FNH:0
FNDA:0,disconnectServicesHook
DA:1,0
DA:6,0
DA:8,0
DA:10,0
DA:12,0
DA:14,0
DA:15,0
DA:16,0
LF:8
LH:0
BRF:0
BRH:0
end_of_record
TN:
SF:src/shared/infra/hooks/on-ready/connect-queue-service.hook.ts
FN:5,connectQueueServiceHook
FNF:1
FNH:0
FNDA:0,connectQueueServiceHook
DA:1,0
DA:3,0
DA:5,0
DA:7,0
DA:9,0
DA:11,0
DA:13,0
LF:7
LH:0
BRF:0
BRH:0
end_of_record
TN:
SF:src/shared/infra/hooks/on-ready/connect-socket-service.hook.ts
FN:5,connectSocketServiceHook
FNF:1
FNH:0
FNDA:0,connectSocketServiceHook
DA:1,0
DA:3,0
DA:5,0
DA:7,0
DA:9,0
DA:14,0
DA:17,0
LF:7
LH:0
BRF:0
BRH:0
end_of_record
TN:
SF:src/shared/infra/hooks/on-ready/login.hook.ts
FN:7,loginHook
FNF:1
FNH:0
FNDA:0,loginHook
DA:1,0
DA:2,0
DA:4,0
DA:5,0
DA:7,0
DA:8,0
DA:9,0
DA:11,0
DA:16,0
DA:17,0
DA:21,0
DA:26,0
DA:27,0
DA:28,0
DA:31,0
DA:36,0
LF:16
LH:0
BRDA:16,0,0,0
BRDA:27,1,0,0
BRF:2
BRH:0
end_of_record
TN:
SF:src/shared/resources/api/textme-server.ts
FNF:0
FNH:0
DA:1,0
DA:2,0
DA:4,0
LF:3
LH:0
BRF:0
BRH:0
end_of_record
TN:
SF:src/shared/resources/env/index.ts
FNF:0
FNH:0
DA:1,3
DA:2,3
DA:4,3
DA:5,3
DA:7,0
DA:10,3
DA:40,3
DA:42,3
DA:43,0
DA:45,0
DA:48,3
LF:11
LH:8
BRDA:4,0,0,3
BRDA:4,0,1,0
BRDA:42,1,0,0
BRF:3
BRH:1
end_of_record
TN:
SF:src/shared/resources/errors/app.error.ts
FN:10,(anonymous_0)
FNF:1
FNH:0
FNDA:0,(anonymous_0)
DA:4,0
DA:14,0
DA:15,0
DA:16,0
DA:17,0
DA:18,0
LF:6
LH:0
BRDA:15,0,0,0
BRDA:15,0,1,0
BRDA:16,1,0,0
BRDA:16,1,1,0
BRDA:18,2,0,0
BRDA:18,2,1,0
BRF:6
BRH:0
end_of_record
TN:
SF:src/shared/resources/errors/error-message-manager.ts
FN:8,(anonymous_0)
FN:31,(anonymous_1)
FNF:2
FNH:0
FNDA:0,(anonymous_0)
FNDA:0,(anonymous_1)
DA:1,0
DA:3,0
DA:4,0
DA:7,0
DA:9,0
DA:10,0
DA:17,0
DA:25,0
DA:28,0
DA:32,0
LF:10
LH:0
BRDA:9,0,0,0
BRDA:9,1,0,0
BRDA:9,1,1,0
BRF:3
BRH:0
end_of_record
TN:
SF:src/shared/resources/lib/get-conversation-from-users-helper.ts
FN:3,getConversationFromUsers
FNF:1
FNH:0
FNDA:0,getConversationFromUsers
DA:1,0
DA:3,0
DA:10,0
DA:11,0
DA:13,0
DA:14,0
DA:15,0
DA:18,0
LF:8
LH:0
BRDA:13,0,0,0
BRF:1
BRH:0
end_of_record
